<?xml version="1.0" encoding="UTF-8"?>
<testsuite xmlns:xsi="http://www.w3.org/2001/XMLSchema-instance" xsi:schemaLocation="https://maven.apache.org/surefire/maven-surefire-plugin/xsd/surefire-test-report.xsd" name="library.util_tests.ValidatorTest" time="0" tests="2" errors="0" skipped="0" failures="0">
  <properties>
[...]
</properties>
  <testcase name="Validator_invalidEmail_throwInvalidEmailException" classname="library.util_tests.ValidatorTest" time="0"/>
  <testcase name="Validator_validEmail_doesNothing" classname="library.util_tests.ValidatorTest" time="0"/>
</testsuite>